<?xml version="1.0" encoding="UTF-8"?>
<!-- Generated by org.testng.reporters.JUnitXMLReporter -->
<testsuite hostname="localhost.localdomain" name="Default test" tests="3" failures="0" timestamp="13 Feb 2016 00:37:11 GMT" time="0.073" errors="0">
  <testcase name="method1" time="0.036" classname="com.test.PalindromeTest"/>
  <testcase name="method2" time="0.002" classname="com.test.PalindromeTest"/>
  <testcase name="method3" time="0.003" classname="com.test.PalindromeTest"/>
</testsuite> <!-- Default test -->
