<?xml version="1.0" encoding="UTF-8"?>
<testng-results skipped="0" failed="0" total="3" passed="3">
  <reporter-output>
  </reporter-output>
  <suite name="Default suite" duration-ms="73" started-at="2016-02-13T00:37:11Z" finished-at="2016-02-13T00:37:11Z">
    <groups>
      <group name="funcTest">
        <method signature="PalindromeTest.method2()[pri:0, instance:com.test.PalindromeTest@31b7dea0]" name="method2" class="com.test.PalindromeTest"/>
      </group> <!-- funcTest -->
      <group name="checkTest">
        <method signature="PalindromeTest.method1()[pri:0, instance:com.test.PalindromeTest@31b7dea0]" name="method1" class="com.test.PalindromeTest"/>
      </group> <!-- checkTest -->
    </groups>
    <test name="Default test" duration-ms="73" started-at="2016-02-13T00:37:11Z" finished-at="2016-02-13T00:37:11Z">
      <class name="com.test.PalindromeTest">
        <test-method status="PASS" signature="method1()[pri:0, instance:com.test.PalindromeTest@31b7dea0]" name="method1" duration-ms="36" started-at="2016-02-12T16:37:11Z" finished-at="2016-02-12T16:37:11Z">
          <reporter-output>
          </reporter-output>
        </test-method> <!-- method1 -->
        <test-method status="PASS" signature="method2()[pri:0, instance:com.test.PalindromeTest@31b7dea0]" name="method2" duration-ms="2" started-at="2016-02-12T16:37:11Z" finished-at="2016-02-12T16:37:11Z">
          <reporter-output>
          </reporter-output>
        </test-method> <!-- method2 -->
        <test-method status="PASS" signature="method3()[pri:0, instance:com.test.PalindromeTest@31b7dea0]" name="method3" duration-ms="3" depends-on-groups="funcTest, checkTest" started-at="2016-02-12T16:37:11Z" finished-at="2016-02-12T16:37:11Z">
          <reporter-output>
          </reporter-output>
        </test-method> <!-- method3 -->
      </class> <!-- com.test.PalindromeTest -->
    </test> <!-- Default test -->
  </suite> <!-- Default suite -->
</testng-results>
